<?xml version="1.0" encoding="UTF-8"?>
<!-- Generated by org.testng.reporters.JUnitReportReporter -->
<testsuite hostname="LAPTOP-Soufien" failures="0" tests="2" name="com.qa.api.tests.GetApiCall" time="2.195" errors="0" timestamp="2024-06-06T09:23:01 GMT+01:00" skipped="0">
  <testcase classname="com.qa.api.tests.GetApiCall" name="getUsersApiTest" time="0.410"/>
  <system-out/>
  <testcase classname="com.qa.api.tests.GetApiCall" name="getSpecificUserApiTest" time="1.785"/>
  <system-out/>
</testsuite> <!-- com.qa.api.tests.GetApiCall -->
